2026-03-26 00:07:16,240 RY_LoginTestModule.py--> test_login_account_from_excel 20: INFO ----->========== 开始执行：第2行：账号=admin ==========
2026-03-26 00:07:21,502 RY_LoginTestModule.py--> test_login_account_from_excel 20: INFO ----->========== 执行成功：第2行：账号=admin ==========
2026-03-26 00:07:23,548 RY_LoginTestModule.py--> test_login_account_from_excel 20: INFO ----->========== 开始执行：第3行：账号=admin ==========
2026-03-26 00:07:24,244 CheckErrorCapture.py--> check_and_capture_error 40: ERROR ----->⚠️ 捕获到错误: 用户不存在/密码错误
2026-03-26 00:07:28,181 RY_LoginTestModule.py--> test_login_account_from_excel 20: INFO ----->========== 开始执行：第4行：账号=admin ==========
2026-03-26 00:07:28,819 CheckErrorCapture.py--> check_and_capture_error 40: ERROR ----->⚠️ 捕获到错误: 密码输入错误1次，帐户锁定1分钟
2026-03-26 22:03:41,490 RY_UserManageTestModule.py--> test_login_account_from_excel 20: INFO ----->========== 开始执行：第2行：账号=admin ==========
2026-03-26 22:03:41,631 RY_Login_Business.py--> LoginTest 40: ERROR ----->RY 登录失败：Message: javascript error: arguments[0].click is not a function
  (Session info: chrome=146.0.7680.165)

2026-03-26 22:03:47,059 RY_UserManageTestModule.py--> test_login_account_from_excel 40: ERROR ----->第2行：账号=admin 执行异常：Message: javascript error: arguments[0].click is not a function
  (Session info: chrome=146.0.7680.165)

2026-03-26 22:03:49,249 RY_UserManageTestModule.py--> test_login_account_from_excel 20: INFO ----->========== 开始执行：第3行：账号=admin ==========
2026-03-26 22:03:49,356 RY_Login_Business.py--> LoginTest 40: ERROR ----->RY 登录失败：Message: javascript error: arguments[0].click is not a function
  (Session info: chrome=146.0.7680.165)

2026-03-26 22:03:49,888 CheckErrorCapture.py--> check_and_capture_error 40: ERROR ----->⚠️ 捕获到错误: 用户不存在/密码错误
2026-03-26 22:03:53,961 RY_UserManageTestModule.py--> test_login_account_from_excel 40: ERROR ----->第3行：账号=admin 执行异常：Message: javascript error: arguments[0].click is not a function
  (Session info: chrome=146.0.7680.165)

2026-03-26 22:03:58,067 RY_UserManageTestModule.py--> test_login_account_from_excel 20: INFO ----->========== 开始执行：第4行：账号=admin ==========
2026-03-26 22:03:58,192 RY_Login_Business.py--> LoginTest 40: ERROR ----->RY 登录失败：Message: javascript error: arguments[0].click is not a function
  (Session info: chrome=146.0.7680.165)

2026-03-26 22:03:58,724 CheckErrorCapture.py--> check_and_capture_error 40: ERROR ----->⚠️ 捕获到错误: 密码输入错误1次，帐户锁定1分钟
2026-03-26 22:04:02,758 RY_UserManageTestModule.py--> test_login_account_from_excel 40: ERROR ----->第4行：账号=admin 执行异常：Message: javascript error: arguments[0].click is not a function
  (Session info: chrome=146.0.7680.165)

2026-03-26 22:28:48,199 RY_UserManageTestModule.py--> test_login_account_from_excel 20: INFO ----->========== 开始执行：第2行：账号=admin ==========
2026-03-26 22:28:50,465 RY_Login_Business.py--> LoginTest 40: ERROR ----->RY 登录失败：Message: element not interactable
  (Session info: chrome=146.0.7680.165)

2026-03-26 22:28:55,778 RY_UserManageTestModule.py--> test_login_account_from_excel 40: ERROR ----->第2行：账号=admin 执行异常：Message: element not interactable
  (Session info: chrome=146.0.7680.165)

2026-03-26 22:28:57,987 RY_UserManageTestModule.py--> test_login_account_from_excel 20: INFO ----->========== 开始执行：第3行：账号=admin ==========
2026-03-26 22:29:03,223 RY_Login_Business.py--> LoginTest 40: ERROR ----->RY 登录失败：Message: 

2026-03-26 22:29:10,339 RY_UserManageTestModule.py--> test_login_account_from_excel 40: ERROR ----->第3行：账号=admin 执行异常：Message: 

2026-03-26 22:29:14,410 RY_UserManageTestModule.py--> test_login_account_from_excel 20: INFO ----->========== 开始执行：第4行：账号=admin ==========
2026-03-26 22:29:19,631 RY_Login_Business.py--> LoginTest 40: ERROR ----->RY 登录失败：Message: 

2026-03-26 22:29:26,786 RY_UserManageTestModule.py--> test_login_account_from_excel 40: ERROR ----->第4行：账号=admin 执行异常：Message: 

2026-03-26 22:34:18,086 RY_UserManageTestModule.py--> test_login_account_from_excel 20: INFO ----->========== 开始执行：第2行：账号=admin ==========
2026-03-26 22:34:20,299 RY_UserManage_Handle.py--> RY_UserManage 20: INFO ----->BanckAccountInfo报错内容:Message: invalid argument: 'value' must be a string
  (Session info: chrome=146.0.7680.165)

2026-03-26 22:34:25,431 RY_UserManageTestModule.py--> test_login_account_from_excel 20: INFO ----->========== 执行成功：第2行：账号=admin ==========
2026-03-26 22:35:50,757 RY_UserManageTestModule.py--> test_login_account_from_excel 20: INFO ----->========== 开始执行：第2行：账号=admin ==========
2026-03-26 22:35:53,039 RY_UserManage_Handle.py--> RY_UserManage 20: INFO ----->BanckAccountInfo报错内容:Message: element not interactable
  (Session info: chrome=146.0.7680.165)

2026-03-26 22:35:58,151 RY_UserManageTestModule.py--> test_login_account_from_excel 20: INFO ----->========== 执行成功：第2行：账号=admin ==========
2026-03-26 22:52:20,220 RY_UserManageTestModule.py--> test_login_account_from_excel 20: INFO ----->========== 开始执行：第2行：账号=admin ==========
2026-03-26 22:52:22,478 RY_UserManage_Handle.py--> RY_UserManage 20: INFO ----->BanckAccountInfo报错内容:Message: element not interactable
  (Session info: chrome=146.0.7680.165)

2026-03-26 22:52:27,593 RY_UserManageTestModule.py--> test_login_account_from_excel 20: INFO ----->========== 执行成功：第2行：账号=admin ==========
2026-03-26 22:52:49,024 RY_UserManageTestModule.py--> test_login_account_from_excel 20: INFO ----->========== 开始执行：第2行：账号=admin ==========
2026-03-26 22:52:51,284 RY_UserManage_Handle.py--> RY_UserManage 20: INFO ----->BanckAccountInfo报错内容:Message: element not interactable
  (Session info: chrome=146.0.7680.165)

2026-03-26 22:52:56,402 RY_UserManageTestModule.py--> test_login_account_from_excel 20: INFO ----->========== 执行成功：第2行：账号=admin ==========
2026-03-26 22:57:58,121 RY_UserManageTestModule.py--> test_login_account_from_excel 20: INFO ----->========== 开始执行：第2行：账号=admin ==========
2026-03-26 22:58:00,356 RY_UserManage_Handle.py--> RY_UserManage 20: INFO ----->RY_UserManage报错内容:WebDriverWaitCommon.WebDriverWaitOperaton() got an unexpected keyword argument 'wait_type'
2026-03-26 22:58:05,482 RY_UserManageTestModule.py--> test_login_account_from_excel 20: INFO ----->========== 执行成功：第2行：账号=admin ==========
2026-03-26 23:22:26,685 RY_UserManageTestModule.py--> test_login_account_from_excel 20: INFO ----->========== 开始执行：第2行：账号=admin ==========
2026-03-26 23:22:28,939 RY_UserManage_Handle.py--> RY_UserManage 20: INFO ----->RY_UserManage报错内容:Message: invalid element state
  (Session info: chrome=146.0.7680.165)

2026-03-26 23:22:34,041 RY_UserManageTestModule.py--> test_login_account_from_excel 20: INFO ----->========== 执行成功：第2行：账号=admin ==========
2026-03-26 23:30:32,226 RY_UserManageTestModule.py--> test_login_account_from_excel 20: INFO ----->========== 开始执行：第2行：账号=admin ==========
2026-03-26 23:30:34,511 RY_UserManage_Handle.py--> RY_UserManage 20: INFO ----->RY_UserManage报错内容:Message: element not interactable
  (Session info: chrome=146.0.7680.165)

2026-03-26 23:30:39,627 RY_UserManageTestModule.py--> test_login_account_from_excel 20: INFO ----->========== 执行成功：第2行：账号=admin ==========
2026-03-26 23:33:12,814 RY_UserManageTestModule.py--> test_login_account_from_excel 20: INFO ----->========== 开始执行：第2行：账号=admin ==========
2026-03-26 23:33:18,091 RY_UserManage_Handle.py--> RY_UserManage 20: INFO ----->RY_UserManage报错内容:Message: element not interactable
  (Session info: chrome=146.0.7680.165)

2026-03-26 23:33:23,203 RY_UserManageTestModule.py--> test_login_account_from_excel 20: INFO ----->========== 执行成功：第2行：账号=admin ==========
2026-03-26 23:34:55,233 RY_UserManageTestModule.py--> test_login_account_from_excel 20: INFO ----->========== 开始执行：第2行：账号=admin ==========
2026-03-26 23:35:05,632 RY_UserManageTestModule.py--> test_login_account_from_excel 20: INFO ----->========== 执行成功：第2行：账号=admin ==========
2026-03-26 23:37:27,974 RY_UserManageTestModule.py--> test_login_account_from_excel 20: INFO ----->========== 开始执行：第2行：账号=admin ==========
2026-03-26 23:37:33,244 RY_UserManage_Handle.py--> RY_UserManage 20: INFO ----->RY_UserManage报错内容:Message: element not interactable
  (Session info: chrome=146.0.7680.165)

2026-03-26 23:37:38,351 RY_UserManageTestModule.py--> test_login_account_from_excel 20: INFO ----->========== 执行成功：第2行：账号=admin ==========
2026-03-26 23:38:40,065 RY_UserManageTestModule.py--> test_login_account_from_excel 20: INFO ----->========== 开始执行：第2行：账号=admin ==========
2026-03-26 23:38:50,455 RY_UserManageTestModule.py--> test_login_account_from_excel 20: INFO ----->========== 执行成功：第2行：账号=admin ==========
2026-03-26 23:39:07,259 RY_UserManageTestModule.py--> test_login_account_from_excel 20: INFO ----->========== 开始执行：第2行：账号=admin ==========
2026-03-26 23:39:17,667 RY_UserManageTestModule.py--> test_login_account_from_excel 20: INFO ----->========== 执行成功：第2行：账号=admin ==========
2026-03-26 23:40:49,900 RY_UserManageTestModule.py--> test_login_account_from_excel 20: INFO ----->========== 开始执行：第2行：账号=admin ==========
2026-03-26 23:40:55,375 RY_UserManage_Handle.py--> RY_UserManage 20: INFO ----->RY_UserManage报错内容:Message: javascript error: $ is not defined
  (Session info: chrome=146.0.7680.165)

2026-03-26 23:41:00,487 RY_UserManageTestModule.py--> test_login_account_from_excel 20: INFO ----->========== 执行成功：第2行：账号=admin ==========
2026-03-26 23:43:13,210 RY_UserManageTestModule.py--> test_login_account_from_excel 20: INFO ----->========== 开始执行：第2行：账号=admin ==========
2026-03-26 23:43:18,663 RY_UserManage_Handle.py--> RY_UserManage 20: INFO ----->RY_UserManage报错内容:Message: javascript error: $ is not defined
  (Session info: chrome=146.0.7680.165)

2026-03-26 23:43:23,772 RY_UserManageTestModule.py--> test_login_account_from_excel 20: INFO ----->========== 执行成功：第2行：账号=admin ==========
2026-03-26 23:46:33,785 RY_UserManageTestModule.py--> test_login_account_from_excel 20: INFO ----->========== 开始执行：第2行：账号=admin ==========
2026-03-26 23:46:39,241 RY_UserManage_Handle.py--> RY_UserManage 20: INFO ----->RY_UserManage报错内容:Message: javascript error: $ is not defined
  (Session info: chrome=146.0.7680.165)

2026-03-26 23:46:44,371 RY_UserManageTestModule.py--> test_login_account_from_excel 20: INFO ----->========== 执行成功：第2行：账号=admin ==========
2026-03-26 23:49:19,053 RY_UserManageTestModule.py--> test_login_account_from_excel 20: INFO ----->========== 开始执行：第2行：账号=admin ==========
2026-03-26 23:49:24,522 RY_UserManage_Handle.py--> RY_UserManage 20: INFO ----->RY_UserManage报错内容:Message: javascript error: $ is not defined
  (Session info: chrome=146.0.7680.165)

2026-03-26 23:49:29,633 RY_UserManageTestModule.py--> test_login_account_from_excel 20: INFO ----->========== 执行成功：第2行：账号=admin ==========
2026-03-26 23:51:01,401 RY_UserManageTestModule.py--> test_login_account_from_excel 20: INFO ----->========== 开始执行：第2行：账号=admin ==========
2026-03-26 23:51:06,918 RY_UserManage_Handle.py--> RY_UserManage 20: INFO ----->RY_UserManage报错内容:Message: javascript error: $ is not defined
  (Session info: chrome=146.0.7680.165)

2026-03-26 23:51:12,033 RY_UserManageTestModule.py--> test_login_account_from_excel 20: INFO ----->========== 执行成功：第2行：账号=admin ==========
2026-03-26 23:52:15,508 RY_UserManageTestModule.py--> test_login_account_from_excel 20: INFO ----->========== 开始执行：第2行：账号=admin ==========
2026-03-26 23:52:20,948 RY_UserManage_Handle.py--> RY_UserManage 20: INFO ----->RY_UserManage报错内容:Message: javascript error: $ is not defined
  (Session info: chrome=146.0.7680.165)

2026-03-26 23:52:26,057 RY_UserManageTestModule.py--> test_login_account_from_excel 20: INFO ----->========== 执行成功：第2行：账号=admin ==========
2026-03-26 23:54:18,587 RY_UserManageTestModule.py--> test_login_account_from_excel 20: INFO ----->========== 开始执行：第2行：账号=admin ==========
2026-03-26 23:54:24,053 RY_UserManage_Handle.py--> RY_UserManage 20: INFO ----->RY_UserManage报错内容:Message: javascript error: $ is not defined
  (Session info: chrome=146.0.7680.165)

2026-03-26 23:54:29,144 RY_UserManageTestModule.py--> test_login_account_from_excel 20: INFO ----->========== 执行成功：第2行：账号=admin ==========
2026-03-26 23:56:50,847 RY_UserManageTestModule.py--> test_login_account_from_excel 20: INFO ----->========== 开始执行：第2行：账号=admin ==========
2026-03-26 23:56:56,312 RY_UserManage_Handle.py--> RY_UserManage 20: INFO ----->RY_UserManage报错内容:Message: javascript error: $ is not defined
  (Session info: chrome=146.0.7680.165)

2026-03-26 23:57:01,425 RY_UserManageTestModule.py--> test_login_account_from_excel 20: INFO ----->========== 执行成功：第2行：账号=admin ==========
2026-03-26 23:57:53,250 RY_UserManageTestModule.py--> test_login_account_from_excel 20: INFO ----->========== 开始执行：第2行：账号=admin ==========
2026-03-26 23:58:03,873 RY_UserManageTestModule.py--> test_login_account_from_excel 20: INFO ----->========== 执行成功：第2行：账号=admin ==========
